<?xml version="1.0" encoding="UTF-8"?>
<!-- Generated by org.testng.reporters.JUnitReportReporter -->
<testsuite hostname="loadrunner-PC" name="javaScript.Alert_Handles" tests="1" failures="0" timestamp="2 Jan 2017 03:13:50 GMT" time="11.360" errors="0">
  <testcase name="f" time="11.360" classname="javaScript.Alert_Handles"/>
</testsuite> <!-- javaScript.Alert_Handles -->
