<?xml version="1.0" encoding="UTF-8"?>
<!-- Generated by org.testng.reporters.JUnitReportReporter -->
<testsuite hostname="loadrunner-PC" name="window_Handles.Spicejet_Popup" tests="1" failures="0" timestamp="29 Dec 2016 03:31:01 GMT" time="26.242" errors="0">
  <testcase name="popup" time="26.242" classname="window_Handles.Spicejet_Popup"/>
</testsuite> <!-- window_Handles.Spicejet_Popup -->
