<?xml version="1.0" encoding="UTF-8"?>
<!-- Generated by org.testng.reporters.JUnitReportReporter -->
<testsuite hostname="loadrunner-PC" name="desktop.DownloadFile_AutoIT" tests="1" failures="0" timestamp="3 Jan 2017 03:57:52 GMT" time="12.751" errors="0">
  <testcase name="f" time="12.751" classname="desktop.DownloadFile_AutoIT"/>
</testsuite> <!-- desktop.DownloadFile_AutoIT -->
