<?xml version="1.0" encoding="UTF-8"?>
<!-- Generated by org.testng.reporters.JUnitReportReporter -->
<testsuite hostname="loadrunner-PC" name="excel.Excel_POI" tests="1" failures="0" timestamp="5 Jan 2017 04:11:55 GMT" time="17.287" errors="0">
  <testcase name="f" time="17.287" classname="excel.Excel_POI"/>
</testsuite> <!-- excel.Excel_POI -->
