<?xml version="1.0" encoding="UTF-8"?>
<!-- Generated by org.testng.reporters.JUnitReportReporter -->
<testsuite hostname="loadrunner-PC" name="javaScript.HiddenLink_Handles" tests="1" failures="0" timestamp="2 Jan 2017 03:27:26 GMT" time="0.008" errors="0">
  <testcase name="f" time="0.008" classname="javaScript.HiddenLink_Handles"/>
</testsuite> <!-- javaScript.HiddenLink_Handles -->
