<?xml version="1.0" encoding="UTF-8"?>
<!-- Generated by org.testng.reporters.JUnitReportReporter -->
<testsuite hostname="loadrunner-PC" name="testng.NewTests" tests="1" failures="0" timestamp="27 Dec 2016 04:11:34 GMT" time="34.057" errors="0">
  <testcase name="wb" time="34.057" classname="testng.NewTests"/>
</testsuite> <!-- testng.NewTests -->
