<?xml version="1.0" encoding="UTF-8"?>
<!-- Generated by org.testng.reporters.JUnitReportReporter -->
<testsuite hostname="loadrunner-PC" name="testng.WEBtable" tests="1" failures="0" timestamp="7 Jan 2017 05:31:12 GMT" time="35.981" errors="0">
  <testcase name="f" time="35.981" classname="testng.WEBtable"/>
</testsuite> <!-- testng.WEBtable -->
