<?xml version="1.0" encoding="UTF-8"?>
<!-- Generated by org.testng.reporters.JUnitReportReporter -->
<testsuite hostname="loadrunner-PC" name="xpath.Radiobutton2" tests="1" failures="0" timestamp="20 Dec 2016 03:15:57 GMT" time="21.485" errors="0">
  <testcase name="f" time="21.485" classname="xpath.Radiobutton2"/>
</testsuite> <!-- xpath.Radiobutton2 -->
