<?xml version="1.0" encoding="UTF-8"?>
<!-- Generated by org.testng.reporters.JUnitReportReporter -->
<testsuite hostname="loadrunner-PC" name="excel.Excel_jxl" tests="1" failures="0" timestamp="5 Jan 2017 04:00:52 GMT" time="17.187" errors="0">
  <testcase name="f" time="17.187" classname="excel.Excel_jxl"/>
</testsuite> <!-- excel.Excel_jxl -->
