<?xml version="1.0" encoding="UTF-8"?>
<!-- Generated by org.testng.reporters.JUnitReportReporter -->
<testsuite hostname="loadrunner-PC" name="desktop.UploadFILE_Robot" tests="1" failures="0" timestamp="4 Jan 2017 03:20:18 GMT" time="28.004" errors="0">
  <testcase name="fileUpload" time="28.004" classname="desktop.UploadFILE_Robot"/>
</testsuite> <!-- desktop.UploadFILE_Robot -->
