<?xml version="1.0" encoding="UTF-8"?>
<!-- Generated by org.testng.reporters.JUnitReportReporter -->
<testsuite hostname="loadrunner-PC" name="window_Handles.Frames_Paytm" tests="1" failures="0" timestamp="30 Dec 2016 03:37:24 GMT" time="7.024" errors="0">
  <testcase name="f" time="7.024" classname="window_Handles.Frames_Paytm"/>
</testsuite> <!-- window_Handles.Frames_Paytm -->
