<?xml version="1.0" encoding="UTF-8"?>
<!-- Generated by org.testng.reporters.JUnitReportReporter -->
<testsuite hostname="loadrunner-PC" name="desktop.FileDaoenload_Robot" tests="1" failures="0" timestamp="4 Jan 2017 02:44:56 GMT" time="13.914" errors="0">
  <testcase name="f" time="13.914" classname="desktop.FileDaoenload_Robot"/>
</testsuite> <!-- desktop.FileDaoenload_Robot -->
