<?xml version="1.0" encoding="UTF-8"?>
<!-- Generated by org.testng.reporters.JUnitReportReporter -->
<testsuite hostname="loadrunner-PC" name="testng.CokiesTesting" tests="1" failures="0" timestamp="11 Jan 2017 03:45:21 GMT" time="13.299" errors="0">
  <testcase name="cookiesTest" time="13.299" classname="testng.CokiesTesting"/>
</testsuite> <!-- testng.CokiesTesting -->
