<?xml version="1.0" encoding="UTF-8"?>
<!-- Generated by org.testng.reporters.JUnitReportReporter -->
<testsuite hostname="loadrunner-PC" name="synchronization.ExplicitWait_Fluentwait" tests="1" failures="0" timestamp="5 Jan 2017 02:58:36 GMT" time="26.615" errors="0">
  <testcase name="waitTest" time="26.615" classname="synchronization.ExplicitWait_Fluentwait"/>
</testsuite> <!-- synchronization.ExplicitWait_Fluentwait -->
