<?xml version="1.0" encoding="UTF-8"?>
<!-- Generated by org.testng.reporters.JUnitReportReporter -->
<testsuite hostname="loadrunner-PC" name="testng.NewTest" tests="2" failures="0" timestamp="29 Dec 2016 03:24:47 GMT" time="0.014" errors="0">
  <testcase name="f" time="0.011" classname="testng.NewTest"/>
  <testcase name="hg" time="0.003" classname="testng.NewTest"/>
</testsuite> <!-- testng.NewTest -->
