<?xml version="1.0" encoding="UTF-8"?>
<!-- Generated by org.testng.reporters.JUnitReportReporter -->
<testsuite hostname="loadrunner-PC" name="excel.execel1" tests="1" failures="0" timestamp="6 Jan 2017 03:06:00 GMT" time="25.585" errors="0">
  <testcase name="f" time="25.585" classname="excel.execel1"/>
</testsuite> <!-- excel.execel1 -->
