<?xml version="1.0" encoding="UTF-8"?>
<!-- Generated by org.testng.reporters.JUnitReportReporter -->
<testsuite hostname="loadrunner-PC" name="samp.Webtable12" tests="1" failures="0" timestamp="7 Jan 2017 05:31:12 GMT" time="28.898" errors="0">
  <testcase name="f" time="28.898" classname="samp.Webtable12"/>
</testsuite> <!-- samp.Webtable12 -->
