<?xml version="1.0" encoding="UTF-8"?>
<!-- Generated by org.testng.reporters.JUnitReportReporter -->
<testsuite hostname="loadrunner-PC" name="window_Handles.Calander_Webtable" tests="1" failures="0" timestamp="30 Dec 2016 04:19:39 GMT" time="16.965" errors="0">
  <testcase name="calanderTest" time="16.965" classname="window_Handles.Calander_Webtable"/>
</testsuite> <!-- window_Handles.Calander_Webtable -->
