<?xml version="1.0" encoding="UTF-8"?>
<!-- Generated by org.testng.reporters.JUnitReportReporter -->
<testsuite hostname="loadrunner-PC" name="testng.Webtables3" tests="1" failures="0" timestamp="28 Dec 2016 03:47:28 GMT" time="21.101" errors="0">
  <testcase name="f" time="21.101" classname="testng.Webtables3"/>
</testsuite> <!-- testng.Webtables3 -->
