<?xml version="1.0" encoding="UTF-8"?>
<!-- Generated by org.testng.reporters.JUnitReportReporter -->
<testsuite hostname="loadrunner-PC" name="window_Handles.Tours_Popup" tests="1" failures="0" timestamp="29 Dec 2016 04:08:18 GMT" time="27.398" errors="0">
  <testcase name="popup" time="27.398" classname="window_Handles.Tours_Popup"/>
</testsuite> <!-- window_Handles.Tours_Popup -->
