<?xml version="1.0" encoding="UTF-8"?>
<!-- Generated by org.testng.reporters.JUnitReportReporter -->
<testsuite hostname="loadrunner-PC" name="testng.Webtables" tests="1" failures="0" timestamp="7 Jan 2017 05:31:12 GMT" time="31.856" errors="0">
  <testcase name="wb" time="31.856" classname="testng.Webtables"/>
</testsuite> <!-- testng.Webtables -->
