<?xml version="1.0" encoding="UTF-8"?>
<!-- Generated by org.testng.reporters.JUnitReportReporter -->
<testsuite hostname="loadrunner-PC" name="desktop.AutoIT_Uploadfile" tests="1" failures="0" timestamp="3 Jan 2017 03:46:18 GMT" time="3.592" errors="0">
  <testcase name="f" time="3.592" classname="desktop.AutoIT_Uploadfile"/>
</testsuite> <!-- desktop.AutoIT_Uploadfile -->
