<?xml version="1.0" encoding="UTF-8"?>
<!-- Generated by org.testng.reporters.JUnitReportReporter -->
<testsuite hostname="loadrunner-PC" name="synchronization.Implicitly_Wait" tests="1" failures="0" timestamp="4 Jan 2017 03:51:27 GMT" time="25.257" errors="0">
  <testcase name="f" time="25.257" classname="synchronization.Implicitly_Wait"/>
</testsuite> <!-- synchronization.Implicitly_Wait -->
